0    [main] INFO  eclipse.emf.mwe.core.WorkflowEngine  - --------------------------------------------------------------------------------------
1    [main] INFO  eclipse.emf.mwe.core.WorkflowEngine  - EMF Modeling Workflow Engine 1.3.11, Build v201508030321
1    [main] INFO  eclipse.emf.mwe.core.WorkflowEngine  - (c) 2005-2009 openarchitectureware.org and contributors
1    [main] INFO  eclipse.emf.mwe.core.WorkflowEngine  - --------------------------------------------------------------------------------------
1    [main] INFO  eclipse.emf.mwe.core.WorkflowEngine  - running workflow: C:/Users/paula/Desktop/Universidad/Tercero/Primer Cuatrimestre/DSM/Prácticas/Proyectos_OOH4RIA_DSM/NemesisNevula/templates/workflow/generator.mwe
1    [main] INFO  eclipse.emf.mwe.core.WorkflowEngine  - 
158  [main] INFO  lipse.emf.mwe.utils.StandaloneSetup  - Registering platform uri 'C:\Users\paula\Desktop\Universidad\Tercero\Primer Cuatrimestre\DSM\Prácticas\Proyectos_OOH4RIA_DSM'
202  [main] INFO  lipse.emf.mwe.utils.StandaloneSetup  - Adding generated EPackage 'es.ua.dlsi.ooh.conceptualView.ConceptualViewPackage'
226  [main] INFO  lipse.emf.mwe.utils.StandaloneSetup  - Adding generated EPackage 'org.eclipse.gmf.runtime.notation.NotationPackage'
265  [main] INFO  e.core.container.CompositeComponent  - Workflow: executing workflow workflow::nhibernate::generator.mwe in C:/Users/paula/Desktop/Universidad/Tercero/Primer Cuatrimestre/DSM/Prácticas/Proyectos_OOH4RIA_DSM/NemesisNevula/templates/workflow/generator.mwe:12
265  [main] INFO  e.core.container.CompositeComponent  - XmiReader: file 'models/default.domainModel' => slot 'es_ua_dlsi_ooh_conceptual_model'
345  [main] INFO  e.core.container.CompositeComponent  - CheckComponent: slot es_ua_dlsi_ooh_conceptual_model check file(s): metamodel::Checks 
521  [main] INFO  e.core.container.CompositeComponent  - es.ua.dlsi.ooh.persistence.nhibernate.generator.workflowComponents.CleanBackup
Se ha borrado el directorio backup en la ubicacion: ../NemesisNevulaGen\Backup
525  [main] INFO  e.core.container.CompositeComponent  - Generator(nhibernate.generator): generating 'workflow::nhibernate::workflow::main FOR true' => [../NemesisNevulaGen, CONFIGURATION:../NemesisNevulaGen(overwrite=false,append=false,fileEncoding=utf-8)]
La licencia está en vigor. Su fecha de expiración es: Mon Sep 30 19:19:33 CEST 2024
561  [main] INFO  and2.pr.ProtectedRegionResolverImpl  - Source scan started ...
605  [main] INFO  and2.pr.ProtectedRegionResolverImpl  - Source scan finished in 0.044s
605  [main] INFO  and2.pr.ProtectedRegionResolverImpl  - Files scanned: 152
605  [main] INFO  and2.pr.ProtectedRegionResolverImpl  - Regions found: 27
configuroConf:C:\Users\paula\AppData\Local\Temp\OOH4RIA7502949326099545854.cfg
enc:utf-8
enc:utf-8
enc:utf-8
enc:utf-8
862  [main] INFO  ipse.xtend.util.stdlib.IOExtensions  - UsuarioRepository
enc:utf-8
920  [main] INFO  ipse.xtend.util.stdlib.IOExtensions  - UsuarioPremiumRepository
enc:utf-8
953  [main] INFO  ipse.xtend.util.stdlib.IOExtensions  - AdministradorRepository
enc:utf-8
983  [main] INFO  ipse.xtend.util.stdlib.IOExtensions  - ArticuloRepository
enc:utf-8
1052 [main] INFO  ipse.xtend.util.stdlib.IOExtensions  - CompraRepository
LA clase origen: Compra y el nombre de rol: usuarioComprador
DISTINTO en: asoOrigin: articulo_compra. El nombre del rol origen: articulo de el rol destino: usuarioComprador
LA clase destino: Compra y el nombre de rol: usuarioComprador
Encontrado en: asoTarget: compra_usuario El nombre de rol origen (generado): compraUsuario y el nombre del rol destino:usuarioComprador
LA clase origen: Compra y el nombre de rol: usuarioComprador
DISTINTO en: asoOrigin: articulo_compra. El nombre del rol origen: articulo de el rol destino: usuarioComprador
LA clase destino: Compra y el nombre de rol: usuarioComprador
Encontrado en: asoTarget: compra_usuario El nombre de rol origen (generado): compraUsuario y el nombre del rol destino:usuarioComprador
LA clase origen: Compra y el nombre de rol: usuarioComprador
DISTINTO en: asoOrigin: articulo_compra. El nombre del rol origen: articulo de el rol destino: usuarioComprador
LA clase destino: Compra y el nombre de rol: usuarioComprador
Encontrado en: asoTarget: compra_usuario El nombre de rol origen (generado): compraUsuario y el nombre del rol destino:usuarioComprador
LA clase origen: Compra y el nombre de rol: articulo
Encontrado en: asoOrigin: articulo_compra. El nombre del rol origen: articulo y el nombre de rol destino: compraArticulo
LA clase origen: Compra y el nombre de rol: articulo
Encontrado en: asoOrigin: articulo_compra. El nombre del rol origen: articulo y el nombre de rol destino: compraArticulo
LA clase origen: Compra y el nombre de rol: articulo
Encontrado en: asoOrigin: articulo_compra. El nombre del rol origen: articulo y el nombre de rol destino: compraArticulo
LA clase origen: Compra y el nombre de rol: articulo
Encontrado en: asoOrigin: articulo_compra. El nombre del rol origen: articulo y el nombre de rol destino: compraArticulo
LA clase origen: Compra y el nombre de rol: articulo
Encontrado en: asoOrigin: articulo_compra. El nombre del rol origen: articulo y el nombre de rol destino: compraArticulo
LA clase origen: Compra y el nombre de rol: articulo
Encontrado en: asoOrigin: articulo_compra. El nombre del rol origen: articulo y el nombre de rol destino: compraArticulo
LA clase origen: Compra y el nombre de rol: metodoPagoCompra
DISTINTO en: asoOrigin: articulo_compra. El nombre del rol origen: articulo de el rol destino: metodoPagoCompra
LA clase destino: Compra y el nombre de rol: metodoPagoCompra
DISTINTO en: asoTarget: compra_usuario. El nombre del rol destino: usuarioComprador de el rol origen: metodoPagoCompra
Encontrado en: asoTarget: compra_metodoPago El nombre de rol origen (generado): compraMetodoPago y el nombre del rol destino:metodoPagoCompra
LA clase origen: Compra y el nombre de rol: metodoPagoCompra
DISTINTO en: asoOrigin: articulo_compra. El nombre del rol origen: articulo de el rol destino: metodoPagoCompra
LA clase destino: Compra y el nombre de rol: metodoPagoCompra
DISTINTO en: asoTarget: compra_usuario. El nombre del rol destino: usuarioComprador de el rol origen: metodoPagoCompra
Encontrado en: asoTarget: compra_metodoPago El nombre de rol origen (generado): compraMetodoPago y el nombre del rol destino:metodoPagoCompra
LA clase origen: Compra y el nombre de rol: metodoPagoCompra
DISTINTO en: asoOrigin: articulo_compra. El nombre del rol origen: articulo de el rol destino: metodoPagoCompra
LA clase destino: Compra y el nombre de rol: metodoPagoCompra
DISTINTO en: asoTarget: compra_usuario. El nombre del rol destino: usuarioComprador de el rol origen: metodoPagoCompra
Encontrado en: asoTarget: compra_metodoPago El nombre de rol origen (generado): compraMetodoPago y el nombre del rol destino:metodoPagoCompra
LA clase origen: Compra y el nombre de rol: usuarioReponedor
DISTINTO en: asoOrigin: articulo_compra. El nombre del rol origen: articulo de el rol destino: usuarioReponedor
LA clase destino: Compra y el nombre de rol: usuarioReponedor
DISTINTO en: asoTarget: compra_usuario. El nombre del rol destino: usuarioComprador de el rol origen: usuarioReponedor
DISTINTO en: asoTarget: compra_metodoPago. El nombre del rol destino: metodoPagoCompra de el rol origen: usuarioReponedor
DISTINTO en: asoTarget: compra_usuario_2. El nombre del rol destino: usuarioRegalado de el rol origen: usuarioReponedor
Encontrado en: asoTarget: compra_usuario_3 El nombre de rol origen (generado): compraMonedero y el nombre del rol destino:usuarioReponedor
LA clase origen: Compra y el nombre de rol: usuarioReponedor
DISTINTO en: asoOrigin: articulo_compra. El nombre del rol origen: articulo de el rol destino: usuarioReponedor
LA clase destino: Compra y el nombre de rol: usuarioReponedor
DISTINTO en: asoTarget: compra_usuario. El nombre del rol destino: usuarioComprador de el rol origen: usuarioReponedor
DISTINTO en: asoTarget: compra_metodoPago. El nombre del rol destino: metodoPagoCompra de el rol origen: usuarioReponedor
DISTINTO en: asoTarget: compra_usuario_2. El nombre del rol destino: usuarioRegalado de el rol origen: usuarioReponedor
Encontrado en: asoTarget: compra_usuario_3 El nombre de rol origen (generado): compraMonedero y el nombre del rol destino:usuarioReponedor
LA clase origen: Compra y el nombre de rol: usuarioReponedor
DISTINTO en: asoOrigin: articulo_compra. El nombre del rol origen: articulo de el rol destino: usuarioReponedor
LA clase destino: Compra y el nombre de rol: usuarioReponedor
DISTINTO en: asoTarget: compra_usuario. El nombre del rol destino: usuarioComprador de el rol origen: usuarioReponedor
DISTINTO en: asoTarget: compra_metodoPago. El nombre del rol destino: metodoPagoCompra de el rol origen: usuarioReponedor
DISTINTO en: asoTarget: compra_usuario_2. El nombre del rol destino: usuarioRegalado de el rol origen: usuarioReponedor
Encontrado en: asoTarget: compra_usuario_3 El nombre de rol origen (generado): compraMonedero y el nombre del rol destino:usuarioReponedor
enc:utf-8
1087 [main] INFO  ipse.xtend.util.stdlib.IOExtensions  - MetodoPagoRepository
enc:utf-8
1113 [main] INFO  ipse.xtend.util.stdlib.IOExtensions  - TarjetaCreditoRepository
enc:utf-8
1140 [main] INFO  ipse.xtend.util.stdlib.IOExtensions  - PaypalRepository
enc:utf-8
1163 [main] INFO  ipse.xtend.util.stdlib.IOExtensions  - ValoracionArticuloRepository
LA clase origen: ValoracionArticulo y el nombre de rol: articulo
DISTINTO en: asoOrigin: usuario_valoracionArticulo. El nombre del rol origen: usuario de el rol destino: articulo
LA clase destino: ValoracionArticulo y el nombre de rol: articulo
Encontrado en: asoTarget: valoracionArticulo_articulo El nombre de rol origen (generado): valoracionArticulo y el nombre del rol destino:articulo
LA clase origen: ValoracionArticulo y el nombre de rol: articulo
DISTINTO en: asoOrigin: usuario_valoracionArticulo. El nombre del rol origen: usuario de el rol destino: articulo
LA clase destino: ValoracionArticulo y el nombre de rol: articulo
Encontrado en: asoTarget: valoracionArticulo_articulo El nombre de rol origen (generado): valoracionArticulo y el nombre del rol destino:articulo
LA clase origen: ValoracionArticulo y el nombre de rol: articulo
DISTINTO en: asoOrigin: usuario_valoracionArticulo. El nombre del rol origen: usuario de el rol destino: articulo
LA clase destino: ValoracionArticulo y el nombre de rol: articulo
Encontrado en: asoTarget: valoracionArticulo_articulo El nombre de rol origen (generado): valoracionArticulo y el nombre del rol destino:articulo
LA clase origen: ValoracionArticulo y el nombre de rol: usuario
Encontrado en: asoOrigin: usuario_valoracionArticulo. El nombre del rol origen: usuario y el nombre de rol destino: valoracionArticulo
LA clase origen: ValoracionArticulo y el nombre de rol: usuario
Encontrado en: asoOrigin: usuario_valoracionArticulo. El nombre del rol origen: usuario y el nombre de rol destino: valoracionArticulo
LA clase origen: ValoracionArticulo y el nombre de rol: usuario
Encontrado en: asoOrigin: usuario_valoracionArticulo. El nombre del rol origen: usuario y el nombre de rol destino: valoracionArticulo
LA clase origen: ValoracionArticulo y el nombre de rol: usuario
Encontrado en: asoOrigin: usuario_valoracionArticulo. El nombre del rol origen: usuario y el nombre de rol destino: valoracionArticulo
LA clase origen: ValoracionArticulo y el nombre de rol: usuario
Encontrado en: asoOrigin: usuario_valoracionArticulo. El nombre del rol origen: usuario y el nombre de rol destino: valoracionArticulo
LA clase origen: ValoracionArticulo y el nombre de rol: usuario
Encontrado en: asoOrigin: usuario_valoracionArticulo. El nombre del rol origen: usuario y el nombre de rol destino: valoracionArticulo
enc:utf-8
1194 [main] INFO  ipse.xtend.util.stdlib.IOExtensions  - NoticiaRepository
enc:utf-8
enc:utf-8
enc:utf-8
enc:utf-8
enc:utf-8
enc:utf-8
enc:utf-8
enc:utf-8
enc:utf-8
enc:utf-8
enc:utf-8
enc:utf-8
enc:utf-8
enc:utf-8
1495 [main] INFO  ipse.xtend.util.stdlib.IOExtensions  - UsuarioCEN
enc:utf-8
1524 [main] INFO  ipse.xtend.util.stdlib.IOExtensions  - UsuarioPremiumCEN
enc:utf-8
1545 [main] INFO  ipse.xtend.util.stdlib.IOExtensions  - AdministradorCEN
enc:utf-8
1569 [main] INFO  ipse.xtend.util.stdlib.IOExtensions  - ArticuloCEN
enc:utf-8
1597 [main] INFO  ipse.xtend.util.stdlib.IOExtensions  - CompraCEN
enc:utf-8
1625 [main] INFO  ipse.xtend.util.stdlib.IOExtensions  - MetodoPagoCEN
enc:utf-8
1645 [main] INFO  ipse.xtend.util.stdlib.IOExtensions  - TarjetaCreditoCEN
enc:utf-8
1680 [main] INFO  ipse.xtend.util.stdlib.IOExtensions  - PaypalCEN
enc:utf-8
1701 [main] INFO  ipse.xtend.util.stdlib.IOExtensions  - ValoracionArticuloCEN
enc:utf-8
1722 [main] INFO  ipse.xtend.util.stdlib.IOExtensions  - NoticiaCEN
enc:utf-8
enc:utf-8
enc:utf-8
enc:utf-8
enc:utf-8
enc:utf-8
enc:utf-8
enc:utf-8
enc:utf-8
1915 [main] INFO  ipse.xtend.util.stdlib.IOExtensions  - es.ua.dlsi.ooh.conceptualView.impl.OperationImpl@2df3b89c (name: crearUsuario, visibility: Public, operationType: New, description: null, type: Object, collectionType: None, isStatic: false, isOrdered: false, filter: null, precondition: null, body: null, postcondition: null, automaticSynchronize: true, customized: false, paging: false, customizedTransaction: false)
1915 [main] INFO  ipse.xtend.util.stdlib.IOExtensions  - es.ua.dlsi.ooh.conceptualView.impl.OperationImpl@ae13544 (name: modificarUsuario, visibility: Public, operationType: Modifier, description: null, type: Void, collectionType: None, isStatic: false, isOrdered: false, filter: null, precondition: null, body: null, postcondition: null, automaticSynchronize: true, customized: false, paging: false, customizedTransaction: false)
1916 [main] INFO  ipse.xtend.util.stdlib.IOExtensions  - es.ua.dlsi.ooh.conceptualView.impl.OperationImpl@4988d8b8 (name: borrarUsuario, visibility: Public, operationType: Destroy, description: null, type: Void, collectionType: None, isStatic: false, isOrdered: false, filter: null, precondition: null, body: null, postcondition: null, automaticSynchronize: true, customized: false, paging: false, customizedTransaction: false)
1916 [main] INFO  ipse.xtend.util.stdlib.IOExtensions  - es.ua.dlsi.ooh.conceptualView.impl.OperationImpl@305b7c14 (name: comprarArticulo, visibility: Public, operationType: CustomTransaction, description: null, type: Void, collectionType: None, isStatic: false, isOrdered: false, filter: null, precondition: null, body: null, postcondition: null, automaticSynchronize: true, customized: true, paging: false, customizedTransaction: false)
enc:utf-8
1947 [main] INFO  ipse.xtend.util.stdlib.IOExtensions  - es.ua.dlsi.ooh.conceptualView.impl.OperationImpl@609cd4d8 (name: devolverArticulo, visibility: Public, operationType: CustomTransaction, description: null, type: Void, collectionType: None, isStatic: false, isOrdered: false, filter: null, precondition: null, body: null, postcondition: null, automaticSynchronize: true, customized: false, paging: false, customizedTransaction: false)
enc:utf-8
1972 [main] INFO  ipse.xtend.util.stdlib.IOExtensions  - es.ua.dlsi.ooh.conceptualView.impl.OperationImpl@13b6aecc (name: regalarArticulo, visibility: Public, operationType: Custom, description: null, type: Void, collectionType: None, isStatic: false, isOrdered: false, filter: null, precondition: null, body: null, postcondition: null, automaticSynchronize: true, customized: false, paging: false, customizedTransaction: false)
1972 [main] INFO  ipse.xtend.util.stdlib.IOExtensions  - es.ua.dlsi.ooh.conceptualView.impl.OperationImpl@5fbe4146 (name: valorarArticulo, visibility: Public, operationType: CustomTransaction, description: null, type: Void, collectionType: None, isStatic: false, isOrdered: false, filter: null, precondition: null, body: null, postcondition: null, automaticSynchronize: true, customized: false, paging: false, customizedTransaction: false)
enc:utf-8
1990 [main] INFO  ipse.xtend.util.stdlib.IOExtensions  - es.ua.dlsi.ooh.conceptualView.impl.OperationImpl@7530ad9c (name: agregarFondos, visibility: Public, operationType: Custom, description: null, type: Void, collectionType: None, isStatic: false, isOrdered: false, filter: null, precondition: null, body: null, postcondition: null, automaticSynchronize: true, customized: false, paging: false, customizedTransaction: false)
1991 [main] INFO  ipse.xtend.util.stdlib.IOExtensions  - es.ua.dlsi.ooh.conceptualView.impl.OperationImpl@4961f6af (name: anyadirFavorito, visibility: Public, operationType: Relationer, description: null, type: Void, collectionType: None, isStatic: false, isOrdered: false, filter: null, precondition: null, body: null, postcondition: null, automaticSynchronize: true, customized: false, paging: false, customizedTransaction: false)
1991 [main] INFO  ipse.xtend.util.stdlib.IOExtensions  - es.ua.dlsi.ooh.conceptualView.impl.OperationImpl@33c911a1 (name: quitarFavorito, visibility: Public, operationType: Unrelationer, description: null, type: Void, collectionType: None, isStatic: false, isOrdered: false, filter: null, precondition: null, body: null, postcondition: null, automaticSynchronize: true, customized: false, paging: false, customizedTransaction: false)
1991 [main] INFO  ipse.xtend.util.stdlib.IOExtensions  - es.ua.dlsi.ooh.conceptualView.impl.OperationImpl@1190200a (name: login, visibility: Public, operationType: Login, description: null, type: String, collectionType: None, isStatic: false, isOrdered: false, filter: null, precondition: null, body: null, postcondition: null, automaticSynchronize: true, customized: false, paging: false, customizedTransaction: false)
1991 [main] INFO  ipse.xtend.util.stdlib.IOExtensions  - es.ua.dlsi.ooh.conceptualView.impl.OperationImpl@399c4be1 (name: dameTodos, visibility: Public, operationType: ReadAll, description: null, type: Object, collectionType: List, isStatic: false, isOrdered: false, filter: null, precondition: null, body: null, postcondition: null, automaticSynchronize: true, customized: false, paging: false, customizedTransaction: false)
1991 [main] INFO  ipse.xtend.util.stdlib.IOExtensions  - es.ua.dlsi.ooh.conceptualView.impl.OperationImpl@291caca8 (name: damePorOID, visibility: Public, operationType: ReadOID, description: null, type: Object, collectionType: None, isStatic: false, isOrdered: false, filter: null, precondition: null, body: null, postcondition: null, automaticSynchronize: true, customized: false, paging: false, customizedTransaction: false)
enc:utf-8
2010 [main] INFO  ipse.xtend.util.stdlib.IOExtensions  - es.ua.dlsi.ooh.conceptualView.impl.OperationImpl@c86b9e3 (name: crearUsuarioPremium, visibility: Public, operationType: New, description: null, type: Object, collectionType: None, isStatic: false, isOrdered: false, filter: null, precondition: null, body: null, postcondition: null, automaticSynchronize: true, customized: false, paging: false, customizedTransaction: false)
2010 [main] INFO  ipse.xtend.util.stdlib.IOExtensions  - es.ua.dlsi.ooh.conceptualView.impl.OperationImpl@4e3958e7 (name: modificarUsuarioPremium, visibility: Public, operationType: Modifier, description: null, type: Void, collectionType: None, isStatic: false, isOrdered: false, filter: null, precondition: null, body: null, postcondition: null, automaticSynchronize: true, customized: false, paging: false, customizedTransaction: false)
2010 [main] INFO  ipse.xtend.util.stdlib.IOExtensions  - es.ua.dlsi.ooh.conceptualView.impl.OperationImpl@2d2ffcb7 (name: borrarUsuarioPremium, visibility: Public, operationType: Destroy, description: null, type: Void, collectionType: None, isStatic: false, isOrdered: false, filter: null, precondition: null, body: null, postcondition: null, automaticSynchronize: true, customized: false, paging: false, customizedTransaction: false)
enc:utf-8
2028 [main] INFO  ipse.xtend.util.stdlib.IOExtensions  - es.ua.dlsi.ooh.conceptualView.impl.OperationImpl@10d68fcd (name: crearAdmin, visibility: Public, operationType: New, description: null, type: Object, collectionType: None, isStatic: false, isOrdered: false, filter: null, precondition: null, body: null, postcondition: null, automaticSynchronize: true, customized: false, paging: false, customizedTransaction: false)
2028 [main] INFO  ipse.xtend.util.stdlib.IOExtensions  - es.ua.dlsi.ooh.conceptualView.impl.OperationImpl@7a675056 (name: modificarAdmin, visibility: Public, operationType: Modifier, description: null, type: Void, collectionType: None, isStatic: false, isOrdered: false, filter: null, precondition: null, body: null, postcondition: null, automaticSynchronize: true, customized: false, paging: false, customizedTransaction: false)
2028 [main] INFO  ipse.xtend.util.stdlib.IOExtensions  - es.ua.dlsi.ooh.conceptualView.impl.OperationImpl@313b2ea6 (name: borrarAdmin, visibility: Public, operationType: Destroy, description: null, type: Void, collectionType: None, isStatic: false, isOrdered: false, filter: null, precondition: null, body: null, postcondition: null, automaticSynchronize: true, customized: false, paging: false, customizedTransaction: false)
enc:utf-8
2047 [main] INFO  ipse.xtend.util.stdlib.IOExtensions  - es.ua.dlsi.ooh.conceptualView.impl.OperationImpl@175b9425 (name: crearArticulo, visibility: Public, operationType: New, description: null, type: Object, collectionType: None, isStatic: false, isOrdered: false, filter: null, precondition: null, body: null, postcondition: null, automaticSynchronize: true, customized: false, paging: false, customizedTransaction: false)
2048 [main] INFO  ipse.xtend.util.stdlib.IOExtensions  - es.ua.dlsi.ooh.conceptualView.impl.OperationImpl@394a2528 (name: modificarArticulo, visibility: Public, operationType: Modifier, description: null, type: Void, collectionType: None, isStatic: false, isOrdered: false, filter: null, precondition: null, body: null, postcondition: null, automaticSynchronize: true, customized: false, paging: false, customizedTransaction: false)
2048 [main] INFO  ipse.xtend.util.stdlib.IOExtensions  - es.ua.dlsi.ooh.conceptualView.impl.OperationImpl@7c83dc97 (name: borrarArticulo, visibility: Public, operationType: Destroy, description: null, type: Void, collectionType: None, isStatic: false, isOrdered: false, filter: null, precondition: null, body: null, postcondition: null, automaticSynchronize: true, customized: false, paging: false, customizedTransaction: false)
2048 [main] INFO  ipse.xtend.util.stdlib.IOExtensions  - es.ua.dlsi.ooh.conceptualView.impl.OperationImpl@740773a3 (name: damePorOID, visibility: Public, operationType: ReadOID, description: null, type: Object, collectionType: None, isStatic: false, isOrdered: false, filter: null, precondition: null, body: null, postcondition: null, automaticSynchronize: true, customized: false, paging: false, customizedTransaction: false)
2048 [main] INFO  ipse.xtend.util.stdlib.IOExtensions  - es.ua.dlsi.ooh.conceptualView.impl.OperationImpl@55740540 (name: dameTodos, visibility: Public, operationType: ReadAll, description: null, type: Object, collectionType: List, isStatic: false, isOrdered: false, filter: null, precondition: null, body: null, postcondition: null, automaticSynchronize: true, customized: false, paging: false, customizedTransaction: false)
2048 [main] INFO  ipse.xtend.util.stdlib.IOExtensions  - es.ua.dlsi.ooh.conceptualView.impl.OperationImpl@60015ef5 (name: previsualizar, visibility: Public, operationType: Custom, description: null, type: Void, collectionType: None, isStatic: false, isOrdered: false, filter: null, precondition: null, body: null, postcondition: null, automaticSynchronize: true, customized: false, paging: false, customizedTransaction: false)
2048 [main] INFO  ipse.xtend.util.stdlib.IOExtensions  - es.ua.dlsi.ooh.conceptualView.impl.OperationImpl@1018bde2 (name: publicarArticulo, visibility: Public, operationType: Custom, description: null, type: Void, collectionType: None, isStatic: false, isOrdered: false, filter: null, precondition: null, body: null, postcondition: null, automaticSynchronize: true, customized: false, paging: false, customizedTransaction: false)
2048 [main] INFO  ipse.xtend.util.stdlib.IOExtensions  - es.ua.dlsi.ooh.conceptualView.impl.OperationImpl@f2ff811 (name: filtrarPorRareza, visibility: Public, operationType: ReadFilter, description: null, type: Object, collectionType: List, isStatic: false, isOrdered: false, filter: FROM ArticuloNH AS art WHERE art.Rareza=:p_rango, precondition: null, body: null, postcondition: null, automaticSynchronize: false, customized: false, paging: false, customizedTransaction: false)
2048 [main] INFO  ipse.xtend.util.stdlib.IOExtensions  - es.ua.dlsi.ooh.conceptualView.impl.OperationImpl@50caa560 (name: filtrarPorFecha, visibility: Public, operationType: ReadFilter, description: null, type: Object, collectionType: List, isStatic: false, isOrdered: false, filter: FROM ArticuloNH AS art WHERE art.FechaPublicacion >= :p_fecha_ini AND art.FechaPublicacion <= :p_fecha_fin, precondition: null, body: null, postcondition: null, automaticSynchronize: false, customized: false, paging: false, customizedTransaction: false)
2048 [main] INFO  ipse.xtend.util.stdlib.IOExtensions  - es.ua.dlsi.ooh.conceptualView.impl.OperationImpl@186f8716 (name: filtrarPorTemporada, visibility: Public, operationType: ReadFilter, description: null, type: Object, collectionType: List, isStatic: false, isOrdered: false, filter: FROM ArticuloNH AS art WHERE art.Temporada LIKE :p_temp, precondition: null, body: null, postcondition: null, automaticSynchronize: false, customized: false, paging: false, customizedTransaction: false)
2048 [main] INFO  ipse.xtend.util.stdlib.IOExtensions  - es.ua.dlsi.ooh.conceptualView.impl.OperationImpl@45ca843 (name: filtrarPorTipo, visibility: Public, operationType: ReadFilter, description: null, type: Object, collectionType: List, isStatic: false, isOrdered: false, filter: FROM ArticuloNH AS art WHERE art.Tipo = :p_tipo, precondition: null, body: null, postcondition: null, automaticSynchronize: false, customized: false, paging: false, customizedTransaction: false)
2048 [main] INFO  ipse.xtend.util.stdlib.IOExtensions  - es.ua.dlsi.ooh.conceptualView.impl.OperationImpl@757acd7b (name: ordenarPorPrecioDesc, visibility: Public, operationType: ReadFilter, description: null, type: Object, collectionType: List, isStatic: false, isOrdered: false, filter: FROM ArticuloNH AS art ORDER BY art.Precio DESC
, precondition: null, body: null, postcondition: null, automaticSynchronize: false, customized: false, paging: false, customizedTransaction: false)
2048 [main] INFO  ipse.xtend.util.stdlib.IOExtensions  - es.ua.dlsi.ooh.conceptualView.impl.OperationImpl@36b4fe2a (name: ordenarPorFechaDesc, visibility: Public, operationType: ReadFilter, description: null, type: Object, collectionType: List, isStatic: false, isOrdered: false, filter: FROM ArticuloNH AS art ORDER BY art.FechaPublicacion DESC, precondition: null, body: null, postcondition: null, automaticSynchronize: false, customized: false, paging: false, customizedTransaction: false)
2048 [main] INFO  ipse.xtend.util.stdlib.IOExtensions  - es.ua.dlsi.ooh.conceptualView.impl.OperationImpl@574b560f (name: mostrarArticulosPublicados, visibility: Public, operationType: ReadFilter, description: null, type: Object, collectionType: List, isStatic: false, isOrdered: false, filter: FROM ArticuloNH AS art WHERE art.EsPublicado = true, precondition: null, body: null, postcondition: null, automaticSynchronize: false, customized: false, paging: false, customizedTransaction: false)
2048 [main] INFO  ipse.xtend.util.stdlib.IOExtensions  - es.ua.dlsi.ooh.conceptualView.impl.OperationImpl@ba54932 (name: filtrarPorNombre, visibility: Public, operationType: ReadFilter, description: null, type: Object, collectionType: List, isStatic: false, isOrdered: false, filter: FROM ArticuloNH AS art WHERE art.Nombre LIKE '%:p_nombre%', precondition: null, body: null, postcondition: null, automaticSynchronize: false, customized: false, paging: false, customizedTransaction: false)
2048 [main] INFO  ipse.xtend.util.stdlib.IOExtensions  - es.ua.dlsi.ooh.conceptualView.impl.OperationImpl@3943a2be (name: ordenarPorPrecioAsc, visibility: Public, operationType: ReadFilter, description: null, type: Object, collectionType: List, isStatic: false, isOrdered: false, filter: FROM ArticuloNH AS art ORDER BY art.Precio ASC, precondition: null, body: null, postcondition: null, automaticSynchronize: false, customized: false, paging: false, customizedTransaction: false)
2048 [main] INFO  ipse.xtend.util.stdlib.IOExtensions  - es.ua.dlsi.ooh.conceptualView.impl.OperationImpl@343570b7 (name: ordenarPorFechaAsc, visibility: Public, operationType: ReadFilter, description: null, type: Object, collectionType: List, isStatic: false, isOrdered: false, filter: FROM ArticuloNH AS art ORDER BY art.FechaPublicacion ASC, precondition: null, body: null, postcondition: null, automaticSynchronize: false, customized: false, paging: false, customizedTransaction: false)
enc:utf-8
2067 [main] INFO  ipse.xtend.util.stdlib.IOExtensions  - es.ua.dlsi.ooh.conceptualView.impl.OperationImpl@44a7bfbc (name: crearCompra, visibility: Public, operationType: New, description: null, type: Object, collectionType: None, isStatic: false, isOrdered: false, filter: null, precondition: null, body: null, postcondition: null, automaticSynchronize: true, customized: false, paging: false, customizedTransaction: false)
2067 [main] INFO  ipse.xtend.util.stdlib.IOExtensions  - es.ua.dlsi.ooh.conceptualView.impl.OperationImpl@52102734 (name: modificarCompra, visibility: Public, operationType: Modifier, description: null, type: Void, collectionType: None, isStatic: false, isOrdered: false, filter: null, precondition: null, body: null, postcondition: null, automaticSynchronize: true, customized: false, paging: false, customizedTransaction: false)
2067 [main] INFO  ipse.xtend.util.stdlib.IOExtensions  - es.ua.dlsi.ooh.conceptualView.impl.OperationImpl@3315d2d7 (name: borrarCompra, visibility: Public, operationType: Destroy, description: null, type: Void, collectionType: None, isStatic: false, isOrdered: false, filter: null, precondition: null, body: null, postcondition: null, automaticSynchronize: true, customized: false, paging: false, customizedTransaction: false)
2067 [main] INFO  ipse.xtend.util.stdlib.IOExtensions  - es.ua.dlsi.ooh.conceptualView.impl.OperationImpl@5fa07e12 (name: aplicarDescuento, visibility: Public, operationType: CustomTransaction, description: null, type: Void, collectionType: None, isStatic: false, isOrdered: false, filter: null, precondition: null, body: null, postcondition: null, automaticSynchronize: true, customized: false, paging: false, customizedTransaction: false)
enc:utf-8
2085 [main] INFO  ipse.xtend.util.stdlib.IOExtensions  - es.ua.dlsi.ooh.conceptualView.impl.OperationImpl@1649b0e6 (name: regalar, visibility: Public, operationType: CustomTransaction, description: null, type: Void, collectionType: None, isStatic: false, isOrdered: false, filter: null, precondition: null, body: null, postcondition: null, automaticSynchronize: true, customized: false, paging: false, customizedTransaction: false)
enc:utf-8
2105 [main] INFO  ipse.xtend.util.stdlib.IOExtensions  - es.ua.dlsi.ooh.conceptualView.impl.OperationImpl@62e7f11d (name: damePorOID, visibility: Public, operationType: ReadOID, description: null, type: Object, collectionType: None, isStatic: false, isOrdered: false, filter: null, precondition: null, body: null, postcondition: null, automaticSynchronize: true, customized: false, paging: false, customizedTransaction: false)
2105 [main] INFO  ipse.xtend.util.stdlib.IOExtensions  - es.ua.dlsi.ooh.conceptualView.impl.OperationImpl@6a370f4 (name: dameTodos, visibility: Public, operationType: ReadAll, description: null, type: Object, collectionType: List, isStatic: false, isOrdered: false, filter: null, precondition: null, body: null, postcondition: null, automaticSynchronize: true, customized: false, paging: false, customizedTransaction: false)
enc:utf-8
2125 [main] INFO  ipse.xtend.util.stdlib.IOExtensions  - es.ua.dlsi.ooh.conceptualView.impl.OperationImpl@10959ece (name: crearMetodoPago, visibility: Public, operationType: New, description: null, type: Object, collectionType: None, isStatic: false, isOrdered: false, filter: null, precondition: null, body: null, postcondition: null, automaticSynchronize: true, customized: false, paging: false, customizedTransaction: false)
2125 [main] INFO  ipse.xtend.util.stdlib.IOExtensions  - es.ua.dlsi.ooh.conceptualView.impl.OperationImpl@3a6bb9bf (name: modificarMetodoPago, visibility: Public, operationType: Modifier, description: null, type: Void, collectionType: None, isStatic: false, isOrdered: false, filter: null, precondition: null, body: null, postcondition: null, automaticSynchronize: true, customized: false, paging: false, customizedTransaction: false)
2125 [main] INFO  ipse.xtend.util.stdlib.IOExtensions  - es.ua.dlsi.ooh.conceptualView.impl.OperationImpl@65f095f8 (name: borrarMetodoPago, visibility: Public, operationType: Destroy, description: null, type: Void, collectionType: None, isStatic: false, isOrdered: false, filter: null, precondition: null, body: null, postcondition: null, automaticSynchronize: true, customized: false, paging: false, customizedTransaction: false)
2125 [main] INFO  ipse.xtend.util.stdlib.IOExtensions  - es.ua.dlsi.ooh.conceptualView.impl.OperationImpl@3e6ef8ad (name: damePorOID, visibility: Public, operationType: ReadOID, description: null, type: Object, collectionType: None, isStatic: false, isOrdered: false, filter: null, precondition: null, body: null, postcondition: null, automaticSynchronize: true, customized: false, paging: false, customizedTransaction: false)
2125 [main] INFO  ipse.xtend.util.stdlib.IOExtensions  - es.ua.dlsi.ooh.conceptualView.impl.OperationImpl@55536d9e (name: dameTodos, visibility: Public, operationType: ReadAll, description: null, type: Object, collectionType: List, isStatic: false, isOrdered: false, filter: null, precondition: null, body: null, postcondition: null, automaticSynchronize: true, customized: false, paging: false, customizedTransaction: false)
enc:utf-8
2144 [main] INFO  ipse.xtend.util.stdlib.IOExtensions  - es.ua.dlsi.ooh.conceptualView.impl.OperationImpl@378542de (name: crearTarjetaCredito, visibility: Public, operationType: New, description: null, type: Object, collectionType: None, isStatic: false, isOrdered: false, filter: null, precondition: null, body: null, postcondition: null, automaticSynchronize: true, customized: false, paging: false, customizedTransaction: false)
2144 [main] INFO  ipse.xtend.util.stdlib.IOExtensions  - es.ua.dlsi.ooh.conceptualView.impl.OperationImpl@1eb5174b (name: modificarTarjetaCredito, visibility: Public, operationType: Modifier, description: null, type: Void, collectionType: None, isStatic: false, isOrdered: false, filter: null, precondition: null, body: null, postcondition: null, automaticSynchronize: true, customized: false, paging: false, customizedTransaction: false)
2144 [main] INFO  ipse.xtend.util.stdlib.IOExtensions  - es.ua.dlsi.ooh.conceptualView.impl.OperationImpl@2bfc268b (name: borrarTarjetaCredito, visibility: Public, operationType: Destroy, description: null, type: Void, collectionType: None, isStatic: false, isOrdered: false, filter: null, precondition: null, body: null, postcondition: null, automaticSynchronize: true, customized: false, paging: false, customizedTransaction: false)
enc:utf-8
2167 [main] INFO  ipse.xtend.util.stdlib.IOExtensions  - es.ua.dlsi.ooh.conceptualView.impl.OperationImpl@1ba9117e (name: crearPaypal, visibility: Public, operationType: New, description: null, type: Object, collectionType: None, isStatic: false, isOrdered: false, filter: null, precondition: null, body: null, postcondition: null, automaticSynchronize: true, customized: false, paging: false, customizedTransaction: false)
2168 [main] INFO  ipse.xtend.util.stdlib.IOExtensions  - es.ua.dlsi.ooh.conceptualView.impl.OperationImpl@41fecb8b (name: modificarPaypal, visibility: Public, operationType: Modifier, description: null, type: Void, collectionType: None, isStatic: false, isOrdered: false, filter: null, precondition: null, body: null, postcondition: null, automaticSynchronize: true, customized: false, paging: false, customizedTransaction: false)
2168 [main] INFO  ipse.xtend.util.stdlib.IOExtensions  - es.ua.dlsi.ooh.conceptualView.impl.OperationImpl@66498326 (name: borrarPaypal, visibility: Public, operationType: Destroy, description: null, type: Void, collectionType: None, isStatic: false, isOrdered: false, filter: null, precondition: null, body: null, postcondition: null, automaticSynchronize: true, customized: false, paging: false, customizedTransaction: false)
enc:utf-8
2187 [main] INFO  ipse.xtend.util.stdlib.IOExtensions  - es.ua.dlsi.ooh.conceptualView.impl.OperationImpl@34f5090e (name: crearValoracion, visibility: Public, operationType: New, description: null, type: Object, collectionType: None, isStatic: false, isOrdered: false, filter: null, precondition: null, body: null, postcondition: null, automaticSynchronize: true, customized: false, paging: false, customizedTransaction: false)
2187 [main] INFO  ipse.xtend.util.stdlib.IOExtensions  - es.ua.dlsi.ooh.conceptualView.impl.OperationImpl@1a4013 (name: modificarValoracion, visibility: Public, operationType: Modifier, description: null, type: Void, collectionType: None, isStatic: false, isOrdered: false, filter: null, precondition: null, body: null, postcondition: null, automaticSynchronize: true, customized: false, paging: false, customizedTransaction: false)
2187 [main] INFO  ipse.xtend.util.stdlib.IOExtensions  - es.ua.dlsi.ooh.conceptualView.impl.OperationImpl@702b8b12 (name: borrarValoracion, visibility: Public, operationType: Destroy, description: null, type: Void, collectionType: None, isStatic: false, isOrdered: false, filter: null, precondition: null, body: null, postcondition: null, automaticSynchronize: true, customized: false, paging: false, customizedTransaction: false)
2187 [main] INFO  ipse.xtend.util.stdlib.IOExtensions  - es.ua.dlsi.ooh.conceptualView.impl.OperationImpl@49912c99 (name: damePorOID, visibility: Public, operationType: ReadOID, description: null, type: Object, collectionType: None, isStatic: false, isOrdered: false, filter: null, precondition: null, body: null, postcondition: null, automaticSynchronize: true, customized: false, paging: false, customizedTransaction: false)
2187 [main] INFO  ipse.xtend.util.stdlib.IOExtensions  - es.ua.dlsi.ooh.conceptualView.impl.OperationImpl@2dde1bff (name: dameTodos, visibility: Public, operationType: ReadAll, description: null, type: Object, collectionType: List, isStatic: false, isOrdered: false, filter: null, precondition: null, body: null, postcondition: null, automaticSynchronize: true, customized: false, paging: false, customizedTransaction: false)
enc:utf-8
2208 [main] INFO  ipse.xtend.util.stdlib.IOExtensions  - es.ua.dlsi.ooh.conceptualView.impl.OperationImpl@20f5239f (name: crearNoticia, visibility: Public, operationType: New, description: null, type: Object, collectionType: None, isStatic: false, isOrdered: false, filter: null, precondition: null, body: null, postcondition: null, automaticSynchronize: true, customized: false, paging: false, customizedTransaction: false)
2208 [main] INFO  ipse.xtend.util.stdlib.IOExtensions  - es.ua.dlsi.ooh.conceptualView.impl.OperationImpl@932bc4a (name: modificarNoticia, visibility: Public, operationType: Modifier, description: null, type: Void, collectionType: None, isStatic: false, isOrdered: false, filter: null, precondition: null, body: null, postcondition: null, automaticSynchronize: true, customized: false, paging: false, customizedTransaction: false)
2208 [main] INFO  ipse.xtend.util.stdlib.IOExtensions  - es.ua.dlsi.ooh.conceptualView.impl.OperationImpl@3514a4c0 (name: borrarNoticia, visibility: Public, operationType: Destroy, description: null, type: Void, collectionType: None, isStatic: false, isOrdered: false, filter: null, precondition: null, body: null, postcondition: null, automaticSynchronize: true, customized: false, paging: false, customizedTransaction: false)
2208 [main] INFO  ipse.xtend.util.stdlib.IOExtensions  - es.ua.dlsi.ooh.conceptualView.impl.OperationImpl@446293d (name: damePorOID, visibility: Public, operationType: ReadOID, description: null, type: Object, collectionType: None, isStatic: false, isOrdered: false, filter: null, precondition: null, body: null, postcondition: null, automaticSynchronize: true, customized: false, paging: false, customizedTransaction: false)
2208 [main] INFO  ipse.xtend.util.stdlib.IOExtensions  - es.ua.dlsi.ooh.conceptualView.impl.OperationImpl@793be5ca (name: dameTodos, visibility: Public, operationType: ReadAll, description: null, type: Object, collectionType: List, isStatic: false, isOrdered: false, filter: null, precondition: null, body: null, postcondition: null, automaticSynchronize: true, customized: false, paging: false, customizedTransaction: false)
2208 [main] INFO  ipse.xtend.util.stdlib.IOExtensions  - es.ua.dlsi.ooh.conceptualView.impl.OperationImpl@2df9b86 (name: publicarNoticia, visibility: Public, operationType: Custom, description: null, type: Void, collectionType: None, isStatic: false, isOrdered: false, filter: null, precondition: null, body: null, postcondition: null, automaticSynchronize: true, customized: false, paging: false, customizedTransaction: false)
enc:utf-8
enc:utf-8
enc:utf-8
2267 [main] INFO  ipse.xtend.util.stdlib.IOExtensions  - UsuarioEN
enc:utf-8
2308 [main] INFO  ipse.xtend.util.stdlib.IOExtensions  - UsuarioPremiumEN
enc:utf-8
2338 [main] INFO  ipse.xtend.util.stdlib.IOExtensions  - AdministradorEN
enc:utf-8
2369 [main] INFO  ipse.xtend.util.stdlib.IOExtensions  - ArticuloEN
enc:utf-8
2405 [main] INFO  ipse.xtend.util.stdlib.IOExtensions  - CompraEN
enc:utf-8
2438 [main] INFO  ipse.xtend.util.stdlib.IOExtensions  - MetodoPagoEN
enc:utf-8
2461 [main] INFO  ipse.xtend.util.stdlib.IOExtensions  - TarjetaCreditoEN
enc:utf-8
2487 [main] INFO  ipse.xtend.util.stdlib.IOExtensions  - PaypalEN
enc:utf-8
2508 [main] INFO  ipse.xtend.util.stdlib.IOExtensions  - ValoracionArticuloEN
enc:utf-8
2529 [main] INFO  ipse.xtend.util.stdlib.IOExtensions  - NoticiaEN
enc:utf-8
enc:utf-8
enc:utf-8
enc:utf-8
enc:utf-8
enc:utf-8
enc:utf-8
enc:utf-8
enc:utf-8
enc:utf-8
enc:utf-8
enc:utf-8
enc:utf-8
enc:utf-8
enc:utf-8
enc:utf-8
enc:utf-8
2872 [main] INFO         org.eclipse.xpand2.Generator  - Written 11 files to outlet [default](../NemesisNevulaGen)
2872 [main] INFO         org.eclipse.xpand2.Generator  - Skipped writing of 93 files to outlet [default](../NemesisNevulaGen)
2872 [main] INFO  e.core.container.CompositeComponent  - es.ua.dlsi.ooh.persistence.nhibernate.generator.workflowComponents.CreateSolution
2877 [main] INFO  e.core.container.CompositeComponent  - es.ua.dlsi.ooh.persistence.nhibernate.generator.workflowComponents.UpdateSolution
2884 [main] INFO  eclipse.emf.mwe.core.WorkflowEngine  - workflow completed in 2620ms!
